<?xml version="1.0" encoding="UTF-8"?>
<!-- Generated by org.testng.reporters.JUnitReportReporter -->
<testsuite hostname="DESKTOP-8K46K7U" failures="0" tests="2" name="com.laeftaps.ui.test.CreateLeat_TC001" time="166.444" errors="0" timestamp="2022-04-23T16:56:53 IST" skipped="0">
  <testcase classname="com.laeftaps.ui.test.CreateLeat_TC001" name="run_Tc001" time="97.565"/>
  <system-out/>
  <testcase classname="com.laeftaps.ui.test.CreateLeat_TC001" name="run_Tc001" time="68.879"/>
  <system-out/>
</testsuite> <!-- com.laeftaps.ui.test.CreateLeat_TC001 -->
