<?xml version="1.0" encoding="UTF-8"?>
<!-- Generated by org.testng.reporters.JUnitReportReporter -->
<testsuite hostname="DESKTOP-8K46K7U" failures="0" tests="4" name="com.laeftaps.ui.test.DeleteLead_TC003" time="272.921" errors="0" timestamp="2022-04-04T14:28:33 IST" skipped="0">
  <testcase classname="com.laeftaps.ui.test.DeleteLead_TC003" name="run_Tc003" time="43.274"/>
  <system-out/>
  <testcase classname="com.laeftaps.ui.test.DeleteLead_TC003" name="run_Tc003" time="66.287"/>
  <system-out/>
  <testcase classname="com.laeftaps.ui.test.DeleteLead_TC003" name="run_Tc003" time="96.279"/>
  <system-out/>
  <testcase classname="com.laeftaps.ui.test.DeleteLead_TC003" name="run_Tc003" time="67.081"/>
  <system-out/>
</testsuite> <!-- com.laeftaps.ui.test.DeleteLead_TC003 -->
