<?xml version="1.0" encoding="UTF-8"?>
<!-- Generated by org.testng.reporters.JUnitReportReporter -->
<testsuite hostname="DESKTOP-8K46K7U" failures="0" tests="4" name="com.laeftaps.ui.test.CreateLeat_TC001" time="263.466" errors="0" timestamp="2022-04-04T14:28:33 IST" skipped="0">
  <testcase classname="com.laeftaps.ui.test.CreateLeat_TC001" name="run_Tc001" time="66.289"/>
  <system-out/>
  <testcase classname="com.laeftaps.ui.test.CreateLeat_TC001" name="run_Tc001" time="38.111"/>
  <system-out/>
  <testcase classname="com.laeftaps.ui.test.CreateLeat_TC001" name="run_Tc001" time="70.617"/>
  <system-out/>
  <testcase classname="com.laeftaps.ui.test.CreateLeat_TC001" name="run_Tc001" time="88.449"/>
  <system-out/>
</testsuite> <!-- com.laeftaps.ui.test.CreateLeat_TC001 -->
