<?xml version="1.0" encoding="UTF-8"?>
<!-- Generated by org.testng.reporters.JUnitReportReporter -->
<testsuite hostname="DESKTOP-8K46K7U" failures="0" tests="4" name="com.laeftaps.ui.test.MergeLead_TC002" time="279.828" errors="0" timestamp="2022-04-04T14:28:33 IST" skipped="0">
  <testcase classname="com.laeftaps.ui.test.MergeLead_TC002" name="run_Tc003" time="102.179"/>
  <system-out/>
  <testcase classname="com.laeftaps.ui.test.MergeLead_TC002" name="run_Tc003" time="66.603"/>
  <system-out/>
  <testcase classname="com.laeftaps.ui.test.MergeLead_TC002" name="run_Tc003" time="45.907"/>
  <system-out/>
  <testcase classname="com.laeftaps.ui.test.MergeLead_TC002" name="run_Tc003" time="65.139"/>
  <system-out/>
</testsuite> <!-- com.laeftaps.ui.test.MergeLead_TC002 -->
